2023-12-27 10:30:03.248  INFO 10308 --- [restartedMain] com.cg.AbcElectonicsApplication          : Starting AbcElectonicsApplication using Java 17.0.8.1 on DESKTOP-1ULGF16 with PID 10308 (C:\Users\Administrator\Downloads\W3Project(1)\W3Project\ABC-electonics\target\classes started by Administrator in C:\Users\Administrator\Downloads\W3Project(1)\W3Project\ABC-electonics)
2023-12-27 10:30:03.257  INFO 10308 --- [restartedMain] com.cg.AbcElectonicsApplication          : No active profile set, falling back to 1 default profile: "default"
2023-12-27 10:30:03.360  INFO 10308 --- [restartedMain] .e.DevToolsPropertyDefaultsPostProcessor : Devtools property defaults active! Set 'spring.devtools.add-properties' to 'false' to disable
2023-12-27 10:30:03.362  INFO 10308 --- [restartedMain] .e.DevToolsPropertyDefaultsPostProcessor : For additional web related logging consider setting the 'logging.level.web' property to 'DEBUG'
2023-12-27 10:30:04.442  INFO 10308 --- [restartedMain] .s.d.r.c.RepositoryConfigurationDelegate : Bootstrapping Spring Data JPA repositories in DEFAULT mode.
2023-12-27 10:30:04.518  INFO 10308 --- [restartedMain] .s.d.r.c.RepositoryConfigurationDelegate : Finished Spring Data repository scanning in 65 ms. Found 5 JPA repository interfaces.
2023-12-27 10:30:05.306  INFO 10308 --- [restartedMain] o.s.b.w.embedded.tomcat.TomcatWebServer  : Tomcat initialized with port(s): 9091 (http)
2023-12-27 10:30:05.330  INFO 10308 --- [restartedMain] o.apache.catalina.core.StandardService   : Starting service [Tomcat]
2023-12-27 10:30:05.331  INFO 10308 --- [restartedMain] org.apache.catalina.core.StandardEngine  : Starting Servlet engine: [Apache Tomcat/9.0.71]
2023-12-27 10:30:05.436  INFO 10308 --- [restartedMain] o.a.c.c.C.[Tomcat].[localhost].[/]       : Initializing Spring embedded WebApplicationContext
2023-12-27 10:30:05.436  INFO 10308 --- [restartedMain] w.s.c.ServletWebServerApplicationContext : Root WebApplicationContext: initialization completed in 2073 ms
2023-12-27 10:30:05.627  INFO 10308 --- [restartedMain] o.hibernate.jpa.internal.util.LogHelper  : HHH000204: Processing PersistenceUnitInfo [name: default]
2023-12-27 10:30:05.687  INFO 10308 --- [restartedMain] org.hibernate.Version                    : HHH000412: Hibernate ORM core version 5.6.14.Final
2023-12-27 10:30:05.891  INFO 10308 --- [restartedMain] o.hibernate.annotations.common.Version   : HCANN000001: Hibernate Commons Annotations {5.1.2.Final}
2023-12-27 10:30:06.019  INFO 10308 --- [restartedMain] com.zaxxer.hikari.HikariDataSource       : HikariPool-1 - Starting...
2023-12-27 10:30:06.289  INFO 10308 --- [restartedMain] com.zaxxer.hikari.HikariDataSource       : HikariPool-1 - Start completed.
2023-12-27 10:30:06.314  INFO 10308 --- [restartedMain] org.hibernate.dialect.Dialect            : HHH000400: Using dialect: org.hibernate.dialect.PostgreSQLDialect
2023-12-27 10:30:07.525  INFO 10308 --- [restartedMain] o.h.e.t.j.p.i.JtaPlatformInitiator       : HHH000490: Using JtaPlatform implementation: [org.hibernate.engine.transaction.jta.platform.internal.NoJtaPlatform]
2023-12-27 10:30:07.539  INFO 10308 --- [restartedMain] j.LocalContainerEntityManagerFactoryBean : Initialized JPA EntityManagerFactory for persistence unit 'default'
2023-12-27 10:30:08.393  WARN 10308 --- [restartedMain] JpaBaseConfiguration$JpaWebConfiguration : spring.jpa.open-in-view is enabled by default. Therefore, database queries may be performed during view rendering. Explicitly configure spring.jpa.open-in-view to disable this warning
2023-12-27 10:30:08.580  INFO 10308 --- [restartedMain] pertySourcedRequestMappingHandlerMapping : Mapped URL path [/v2/api-docs] onto method [springfox.documentation.swagger2.web.Swagger2Controller#getDocumentation(String, HttpServletRequest)]
2023-12-27 10:30:08.776  INFO 10308 --- [restartedMain] o.s.b.d.a.OptionalLiveReloadServer       : LiveReload server is running on port 35729
2023-12-27 10:30:09.016  INFO 10308 --- [restartedMain] o.s.b.w.embedded.tomcat.TomcatWebServer  : Tomcat started on port(s): 9091 (http) with context path ''
2023-12-27 10:30:09.018  INFO 10308 --- [restartedMain] d.s.w.p.DocumentationPluginsBootstrapper : Context refreshed
2023-12-27 10:30:09.052  INFO 10308 --- [restartedMain] d.s.w.p.DocumentationPluginsBootstrapper : Found 1 custom documentation plugin(s)
2023-12-27 10:30:09.089  INFO 10308 --- [restartedMain] s.d.s.w.s.ApiListingReferenceScanner     : Scanning for api listing references
2023-12-27 10:30:09.313  INFO 10308 --- [restartedMain] .d.s.w.r.o.CachingOperationNameGenerator : Generating unique operation named: changeComplaintStatusUsingPUT_1
2023-12-27 10:30:09.371  INFO 10308 --- [restartedMain] com.cg.AbcElectonicsApplication          : Started AbcElectonicsApplication in 7.086 seconds (JVM running for 13.107)
